0 info it worked if it ends with ok
1 verbose cli [ '/usr/local/bin/node', '/usr/local/bin/npm', 'run', 'test' ]
2 info using npm@4.0.3
3 info using node@v4.6.2
4 verbose run-script [ 'pretest', 'test', 'posttest' ]
5 info lifecycle engage-wdio@0.0.2~pretest: engage-wdio@0.0.2
6 silly lifecycle engage-wdio@0.0.2~pretest: no script for pretest, continuing
7 info lifecycle engage-wdio@0.0.2~test: engage-wdio@0.0.2
8 verbose lifecycle engage-wdio@0.0.2~test: unsafe-perm in lifecycle true
9 verbose lifecycle engage-wdio@0.0.2~test: PATH: /usr/local/lib/node_modules/npm/bin/node-gyp-bin:/Users/vgupta/engage-wdio/node_modules/.bin:/usr/local/bin:/usr/bin:/bin:/usr/sbin:/sbin
10 verbose lifecycle engage-wdio@0.0.2~test: CWD: /Users/vgupta/engage-wdio
11 silly lifecycle engage-wdio@0.0.2~test: Args: [ '-c',
11 silly lifecycle   'xo && ./node_modules/.bin/chimp config/chimp-local.js --watch' ]
12 info lifecycle engage-wdio@0.0.2~test: Failed to exec test script
13 verbose stack Error: engage-wdio@0.0.2 test: `xo && ./node_modules/.bin/chimp config/chimp-local.js --watch`
13 verbose stack spawn ENOENT
13 verbose stack     at ChildProcess.<anonymous> (/usr/local/lib/node_modules/npm/lib/utils/spawn.js:33:16)
13 verbose stack     at emitTwo (events.js:87:13)
13 verbose stack     at ChildProcess.emit (events.js:172:7)
13 verbose stack     at maybeClose (internal/child_process.js:854:16)
13 verbose stack     at Process.ChildProcess._handle.onexit (internal/child_process.js:222:5)
14 verbose pkgid engage-wdio@0.0.2
15 verbose cwd /Users/vgupta/engage-wdio
16 error Darwin 15.6.0
17 error argv "/usr/local/bin/node" "/usr/local/bin/npm" "run" "test"
18 error node v4.6.2
19 error npm  v4.0.3
20 error file sh
21 error code ELIFECYCLE
22 error errno ENOENT
23 error syscall spawn
24 error engage-wdio@0.0.2 test: `xo && ./node_modules/.bin/chimp config/chimp-local.js --watch`
24 error spawn ENOENT
25 error Failed at the engage-wdio@0.0.2 test script 'xo && ./node_modules/.bin/chimp config/chimp-local.js --watch'.
25 error Make sure you have the latest version of node.js and npm installed.
25 error If you do, this is most likely a problem with the engage-wdio package,
25 error not with npm itself.
25 error Tell the author that this fails on your system:
25 error     xo && ./node_modules/.bin/chimp config/chimp-local.js --watch
25 error You can get information on how to open an issue for this project with:
25 error     npm bugs engage-wdio
25 error Or if that isn't available, you can get their info via:
25 error     npm owner ls engage-wdio
25 error There is likely additional logging output above.
26 verbose exit [ 1, true ]
